# JRE version: OpenJDK Runtime Environment (8.0_252-b09) (build 1.8.0_252-8u252-b09-1~18.04-b09)
# Java VM: OpenJDK 64-Bit Server VM (25.252-b09 mixed mode linux-amd64 compressed oops)
Heap:
 def new generation   total 314560K, used 52664K [0x00000000c0000000, 0x00000000d5550000, 0x00000000d5550000)
  eden space 279616K,  17% used [0x00000000c0000000, 0x00000000c30c7c98, 0x00000000d1110000)
  from space 34944K,   7% used [0x00000000d1110000, 0x00000000d13b6750, 0x00000000d3330000)
  to   space 34944K,   0% used [0x00000000d3330000, 0x00000000d3330000, 0x00000000d5550000)
 tenured generation   total 699072K, used 323538K [0x00000000d5550000, 0x0000000100000000, 0x0000000100000000)
   the space 699072K,  46% used [0x00000000d5550000, 0x00000000e91449a0, 0x00000000e9144a00, 0x0000000100000000)
 Metaspace       used 56427K, capacity 62939K, committed 62976K, reserved 1103872K
  class space    used 7853K, capacity 9442K, committed 9472K, reserved 1048576K
GC Heap History (10 events):
Event: 749.322 GC heap before
{Heap before GC invocations=298 (full 3):
 def new generation   total 314560K, used 282595K [0x00000000c0000000, 0x00000000d5550000, 0x00000000d5550000)
  eden space 279616K, 100% used [0x00000000c0000000, 0x00000000d1110000, 0x00000000d1110000)
  from space 34944K,   8% used [0x00000000d3330000, 0x00000000d3618dc0, 0x00000000d5550000)
  to   space 34944K,   0% used [0x00000000d1110000, 0x00000000d1110000, 0x00000000d3330000)
 tenured generation   total 699072K, used 322778K [0x00000000d5550000, 0x0000000100000000, 0x0000000100000000)
   the space 699072K,  46% used [0x00000000d5550000, 0x00000000e90869d8, 0x00000000e9086a00, 0x0000000100000000)
 Metaspace       used 56421K, capacity 62863K, committed 62976K, reserved 1103872K
  class space    used 7852K, capacity 9440K, committed 9472K, reserved 1048576K
Event: 749.329 GC heap after
Heap after GC invocations=299 (full 3):
 def new generation   total 314560K, used 2963K [0x00000000c0000000, 0x00000000d5550000, 0x00000000d5550000)
  eden space 279616K,   0% used [0x00000000c0000000, 0x00000000c0000000, 0x00000000d1110000)
  from space 34944K,   8% used [0x00000000d1110000, 0x00000000d13f4c98, 0x00000000d3330000)
  to   space 34944K,   0% used [0x00000000d3330000, 0x00000000d3330000, 0x00000000d5550000)
 tenured generation   total 699072K, used 322824K [0x00000000d5550000, 0x0000000100000000, 0x0000000100000000)
   the space 699072K,  46% used [0x00000000d5550000, 0x00000000e90922a0, 0x00000000e9092400, 0x0000000100000000)
 Metaspace       used 56421K, capacity 62863K, committed 62976K, reserved 1103872K
  class space    used 7852K, capacity 9440K, committed 9472K, reserved 1048576K
}
Event: 752.315 GC heap before
{Heap before GC invocations=299 (full 3):
 def new generation   total 314560K, used 282579K [0x00000000c0000000, 0x00000000d5550000, 0x00000000d5550000)
  eden space 279616K, 100% used [0x00000000c0000000, 0x00000000d1110000, 0x00000000d1110000)
  from space 34944K,   8% used [0x00000000d1110000, 0x00000000d13f4c98, 0x00000000d3330000)
  to   space 34944K,   0% used [0x00000000d3330000, 0x00000000d3330000, 0x00000000d5550000)
 tenured generation   total 699072K, used 322824K [0x00000000d5550000, 0x0000000100000000, 0x0000000100000000)
   the space 699072K,  46% used [0x00000000d5550000, 0x00000000e90922a0, 0x00000000e9092400, 0x0000000100000000)
 Metaspace       used 56421K, capacity 62863K, committed 62976K, reserved 1103872K
  class space    used 7852K, capacity 9440K, committed 9472K, reserved 1048576K
Event: 752.322 GC heap after
Heap after GC invocations=300 (full 3):
 def new generation   total 314560K, used 2516K [0x00000000c0000000, 0x00000000d5550000, 0x00000000d5550000)
  eden space 279616K,   0% used [0x00000000c0000000, 0x00000000c0000000, 0x00000000d1110000)
  from space 34944K,   7% used [0x00000000d3330000, 0x00000000d35a5108, 0x00000000d5550000)
  to   space 34944K,   0% used [0x00000000d1110000, 0x00000000d1110000, 0x00000000d3330000)
 tenured generation   total 699072K, used 323255K [0x00000000d5550000, 0x0000000100000000, 0x0000000100000000)
   the space 699072K,  46% used [0x00000000d5550000, 0x00000000e90fdf78, 0x00000000e90fe000, 0x0000000100000000)
 Metaspace       used 56421K, capacity 62863K, committed 62976K, reserved 1103872K
  class space    used 7852K, capacity 9440K, committed 9472K, reserved 1048576K
}
Event: 754.824 GC heap before
{Heap before GC invocations=300 (full 3):
 def new generation   total 314560K, used 282132K [0x00000000c0000000, 0x00000000d5550000, 0x00000000d5550000)
  eden space 279616K, 100% used [0x00000000c0000000, 0x00000000d1110000, 0x00000000d1110000)
  from space 34944K,   7% used [0x00000000d3330000, 0x00000000d35a5108, 0x00000000d5550000)
  to   space 34944K,   0% used [0x00000000d1110000, 0x00000000d1110000, 0x00000000d3330000)
 tenured generation   total 699072K, used 323255K [0x00000000d5550000, 0x0000000100000000, 0x0000000100000000)
   the space 699072K,  46% used [0x00000000d5550000, 0x00000000e90fdf78, 0x00000000e90fe000, 0x0000000100000000)
 Metaspace       used 56421K, capacity 62863K, committed 62976K, reserved 1103872K
  class space    used 7852K, capacity 9440K, committed 9472K, reserved 1048576K
Event: 754.832 GC heap after
Heap after GC invocations=301 (full 3):
 def new generation   total 314560K, used 2674K [0x00000000c0000000, 0x00000000d5550000, 0x00000000d5550000)
  eden space 279616K,   0% used [0x00000000c0000000, 0x00000000c0000000, 0x00000000d1110000)
  from space 34944K,   7% used [0x00000000d1110000, 0x00000000d13acb98, 0x00000000d3330000)
  to   space 34944K,   0% used [0x00000000d3330000, 0x00000000d3330000, 0x00000000d5550000)
 tenured generation   total 699072K, used 323328K [0x00000000d5550000, 0x0000000100000000, 0x0000000100000000)
   the space 699072K,  46% used [0x00000000d5550000, 0x00000000e91102f0, 0x00000000e9110400, 0x0000000100000000)
 Metaspace       used 56421K, capacity 62863K, committed 62976K, reserved 1103872K
  class space    used 7852K, capacity 9440K, committed 9472K, reserved 1048576K
}
Event: 758.969 GC heap before
{Heap before GC invocations=301 (full 3):
 def new generation   total 314560K, used 282290K [0x00000000c0000000, 0x00000000d5550000, 0x00000000d5550000)
  eden space 279616K, 100% used [0x00000000c0000000, 0x00000000d1110000, 0x00000000d1110000)
  from space 34944K,   7% used [0x00000000d1110000, 0x00000000d13acb98, 0x00000000d3330000)
  to   space 34944K,   0% used [0x00000000d3330000, 0x00000000d3330000, 0x00000000d5550000)
 tenured generation   total 699072K, used 323328K [0x00000000d5550000, 0x0000000100000000, 0x0000000100000000)
   the space 699072K,  46% used [0x00000000d5550000, 0x00000000e91102f0, 0x00000000e9110400, 0x0000000100000000)
 Metaspace       used 56425K, capacity 62875K, committed 62976K, reserved 1103872K
  class space    used 7853K, capacity 9442K, committed 9472K, reserved 1048576K
Event: 758.977 GC heap after
Heap after GC invocations=302 (full 3):
 def new generation   total 314560K, used 2859K [0x00000000c0000000, 0x00000000d5550000, 0x00000000d5550000)
  eden space 279616K,   0% used [0x00000000c0000000, 0x00000000c0000000, 0x00000000d1110000)
  from space 34944K,   8% used [0x00000000d3330000, 0x00000000d35faca8, 0x00000000d5550000)
  to   space 34944K,   0% used [0x00000000d1110000, 0x00000000d1110000, 0x00000000d3330000)
 tenured generation   total 699072K, used 323470K [0x00000000d5550000, 0x0000000100000000, 0x0000000100000000)
   the space 699072K,  46% used [0x00000000d5550000, 0x00000000e91338c0, 0x00000000e9133a00, 0x0000000100000000)
 Metaspace       used 56425K, capacity 62875K, committed 62976K, reserved 1103872K
  class space    used 7853K, capacity 9442K, committed 9472K, reserved 1048576K
}
Event: 764.163 GC heap before
{Heap before GC invocations=302 (full 3):
 def new generation   total 314560K, used 282475K [0x00000000c0000000, 0x00000000d5550000, 0x00000000d5550000)
  eden space 279616K, 100% used [0x00000000c0000000, 0x00000000d1110000, 0x00000000d1110000)
  from space 34944K,   8% used [0x00000000d3330000, 0x00000000d35faca8, 0x00000000d5550000)
  to   space 34944K,   0% used [0x00000000d1110000, 0x00000000d1110000, 0x00000000d3330000)
 tenured generation   total 699072K, used 323470K [0x00000000d5550000, 0x0000000100000000, 0x0000000100000000)
   the space 699072K,  46% used [0x00000000d5550000, 0x00000000e91338c0, 0x00000000e9133a00, 0x0000000100000000)
 Metaspace       used 56427K, capacity 62939K, committed 62976K, reserved 1103872K
  class space    used 7853K, capacity 9442K, committed 9472K, reserved 1048576K
Event: 764.170 GC heap after
Heap after GC invocations=303 (full 3):
 def new generation   total 314560K, used 2713K [0x00000000c0000000, 0x00000000d5550000, 0x00000000d5550000)
  eden space 279616K,   0% used [0x00000000c0000000, 0x00000000c0000000, 0x00000000d1110000)
  from space 34944K,   7% used [0x00000000d1110000, 0x00000000d13b6750, 0x00000000d3330000)
  to   space 34944K,   0% used [0x00000000d3330000, 0x00000000d3330000, 0x00000000d5550000)
 tenured generation   total 699072K, used 323538K [0x00000000d5550000, 0x0000000100000000, 0x0000000100000000)
   the space 699072K,  46% used [0x00000000d5550000, 0x00000000e91449a0, 0x00000000e9144a00, 0x0000000100000000)
 Metaspace       used 56427K, capacity 62939K, committed 62976K, reserved 1103872K
  class space    used 7853K, capacity 9442K, committed 9472K, reserved 1048576K
}

