# JRE version: OpenJDK Runtime Environment (8.0_252-b09) (build 1.8.0_252-8u252-b09-1~18.04-b09)
# Java VM: OpenJDK 64-Bit Server VM (25.252-b09 mixed mode linux-amd64 compressed oops)
Heap:
 def new generation   total 314560K, used 212269K [0x00000000c0000000, 0x00000000d5550000, 0x00000000d5550000)
  eden space 279616K,  75% used [0x00000000c0000000, 0x00000000ccda2fe8, 0x00000000d1110000)
  from space 34944K,   4% used [0x00000000d3330000, 0x00000000d34d85b8, 0x00000000d5550000)
  to   space 34944K,   0% used [0x00000000d1110000, 0x00000000d1110000, 0x00000000d3330000)
 tenured generation   total 699072K, used 333462K [0x00000000d5550000, 0x0000000100000000, 0x0000000100000000)
   the space 699072K,  47% used [0x00000000d5550000, 0x00000000e9af5a40, 0x00000000e9af5c00, 0x0000000100000000)
 Metaspace       used 56184K, capacity 62627K, committed 62720K, reserved 1101824K
  class space    used 7816K, capacity 9394K, committed 9472K, reserved 1048576K
GC Heap History (10 events):
Event: 635.767 GC heap before
{Heap before GC invocations=259 (full 3):
 def new generation   total 314560K, used 285921K [0x00000000c0000000, 0x00000000d5550000, 0x00000000d5550000)
  eden space 279616K, 100% used [0x00000000c0000000, 0x00000000d1110000, 0x00000000d1110000)
  from space 34944K,  18% used [0x00000000d1110000, 0x00000000d1738458, 0x00000000d3330000)
  to   space 34944K,   0% used [0x00000000d3330000, 0x00000000d3330000, 0x00000000d5550000)
 tenured generation   total 699072K, used 324007K [0x00000000d5550000, 0x0000000100000000, 0x0000000100000000)
   the space 699072K,  46% used [0x00000000d5550000, 0x00000000e91b9fb8, 0x00000000e91ba000, 0x0000000100000000)
 Metaspace       used 56158K, capacity 62621K, committed 62720K, reserved 1101824K
  class space    used 7814K, capacity 9393K, committed 9472K, reserved 1048576K
Event: 635.798 GC heap after
Heap after GC invocations=260 (full 3):
 def new generation   total 314560K, used 5875K [0x00000000c0000000, 0x00000000d5550000, 0x00000000d5550000)
  eden space 279616K,   0% used [0x00000000c0000000, 0x00000000c0000000, 0x00000000d1110000)
  from space 34944K,  16% used [0x00000000d3330000, 0x00000000d38ece30, 0x00000000d5550000)
  to   space 34944K,   0% used [0x00000000d1110000, 0x00000000d1110000, 0x00000000d3330000)
 tenured generation   total 699072K, used 324727K [0x00000000d5550000, 0x0000000100000000, 0x0000000100000000)
   the space 699072K,  46% used [0x00000000d5550000, 0x00000000e926dd10, 0x00000000e926de00, 0x0000000100000000)
 Metaspace       used 56158K, capacity 62621K, committed 62720K, reserved 1101824K
  class space    used 7814K, capacity 9393K, committed 9472K, reserved 1048576K
}
Event: 638.065 GC heap before
{Heap before GC invocations=260 (full 3):
 def new generation   total 314560K, used 285491K [0x00000000c0000000, 0x00000000d5550000, 0x00000000d5550000)
  eden space 279616K, 100% used [0x00000000c0000000, 0x00000000d1110000, 0x00000000d1110000)
  from space 34944K,  16% used [0x00000000d3330000, 0x00000000d38ece30, 0x00000000d5550000)
  to   space 34944K,   0% used [0x00000000d1110000, 0x00000000d1110000, 0x00000000d3330000)
 tenured generation   total 699072K, used 324727K [0x00000000d5550000, 0x0000000100000000, 0x0000000100000000)
   the space 699072K,  46% used [0x00000000d5550000, 0x00000000e926dd10, 0x00000000e926de00, 0x0000000100000000)
 Metaspace       used 56162K, capacity 62623K, committed 62720K, reserved 1101824K
  class space    used 7816K, capacity 9394K, committed 9472K, reserved 1048576K
Event: 638.080 GC heap after
Heap after GC invocations=261 (full 3):
 def new generation   total 314560K, used 8894K [0x00000000c0000000, 0x00000000d5550000, 0x00000000d5550000)
  eden space 279616K,   0% used [0x00000000c0000000, 0x00000000c0000000, 0x00000000d1110000)
  from space 34944K,  25% used [0x00000000d1110000, 0x00000000d19bfa58, 0x00000000d3330000)
  to   space 34944K,   0% used [0x00000000d3330000, 0x00000000d3330000, 0x00000000d5550000)
 tenured generation   total 699072K, used 325553K [0x00000000d5550000, 0x0000000100000000, 0x0000000100000000)
   the space 699072K,  46% used [0x00000000d5550000, 0x00000000e933c460, 0x00000000e933c600, 0x0000000100000000)
 Metaspace       used 56162K, capacity 62623K, committed 62720K, reserved 1101824K
  class space    used 7816K, capacity 9394K, committed 9472K, reserved 1048576K
}
Event: 640.603 GC heap before
{Heap before GC invocations=261 (full 3):
 def new generation   total 314560K, used 288510K [0x00000000c0000000, 0x00000000d5550000, 0x00000000d5550000)
  eden space 279616K, 100% used [0x00000000c0000000, 0x00000000d1110000, 0x00000000d1110000)
  from space 34944K,  25% used [0x00000000d1110000, 0x00000000d19bfa58, 0x00000000d3330000)
  to   space 34944K,   0% used [0x00000000d3330000, 0x00000000d3330000, 0x00000000d5550000)
 tenured generation   total 699072K, used 325553K [0x00000000d5550000, 0x0000000100000000, 0x0000000100000000)
   the space 699072K,  46% used [0x00000000d5550000, 0x00000000e933c460, 0x00000000e933c600, 0x0000000100000000)
 Metaspace       used 56179K, capacity 62623K, committed 62720K, reserved 1101824K
  class space    used 7816K, capacity 9394K, committed 9472K, reserved 1048576K
Event: 640.673 GC heap after
Heap after GC invocations=262 (full 3):
 def new generation   total 314560K, used 28956K [0x00000000c0000000, 0x00000000d5550000, 0x00000000d5550000)
  eden space 279616K,   0% used [0x00000000c0000000, 0x00000000c0000000, 0x00000000d1110000)
  from space 34944K,  82% used [0x00000000d3330000, 0x00000000d4f773d8, 0x00000000d5550000)
  to   space 34944K,   0% used [0x00000000d1110000, 0x00000000d1110000, 0x00000000d3330000)
 tenured generation   total 699072K, used 325688K [0x00000000d5550000, 0x0000000100000000, 0x0000000100000000)
   the space 699072K,  46% used [0x00000000d5550000, 0x00000000e935e200, 0x00000000e935e200, 0x0000000100000000)
 Metaspace       used 56179K, capacity 62623K, committed 62720K, reserved 1101824K
  class space    used 7816K, capacity 9394K, committed 9472K, reserved 1048576K
}
Event: 642.447 GC heap before
{Heap before GC invocations=262 (full 3):
 def new generation   total 314560K, used 308572K [0x00000000c0000000, 0x00000000d5550000, 0x00000000d5550000)
  eden space 279616K, 100% used [0x00000000c0000000, 0x00000000d1110000, 0x00000000d1110000)
  from space 34944K,  82% used [0x00000000d3330000, 0x00000000d4f773d8, 0x00000000d5550000)
  to   space 34944K,   0% used [0x00000000d1110000, 0x00000000d1110000, 0x00000000d3330000)
 tenured generation   total 699072K, used 325688K [0x00000000d5550000, 0x0000000100000000, 0x0000000100000000)
   the space 699072K,  46% used [0x00000000d5550000, 0x00000000e935e200, 0x00000000e935e200, 0x0000000100000000)
 Metaspace       used 56182K, capacity 62627K, committed 62720K, reserved 1101824K
  class space    used 7816K, capacity 9394K, committed 9472K, reserved 1048576K
Event: 642.468 GC heap after
Heap after GC invocations=263 (full 3):
 def new generation   total 314560K, used 813K [0x00000000c0000000, 0x00000000d5550000, 0x00000000d5550000)
  eden space 279616K,   0% used [0x00000000c0000000, 0x00000000c0000000, 0x00000000d1110000)
  from space 34944K,   2% used [0x00000000d1110000, 0x00000000d11db718, 0x00000000d3330000)
  to   space 34944K,   0% used [0x00000000d3330000, 0x00000000d3330000, 0x00000000d5550000)
 tenured generation   total 699072K, used 333462K [0x00000000d5550000, 0x0000000100000000, 0x0000000100000000)
   the space 699072K,  47% used [0x00000000d5550000, 0x00000000e9af5a40, 0x00000000e9af5c00, 0x0000000100000000)
 Metaspace       used 56182K, capacity 62627K, committed 62720K, reserved 1101824K
  class space    used 7816K, capacity 9394K, committed 9472K, reserved 1048576K
}
Event: 644.968 GC heap before
{Heap before GC invocations=263 (full 3):
 def new generation   total 314560K, used 280429K [0x00000000c0000000, 0x00000000d5550000, 0x00000000d5550000)
  eden space 279616K, 100% used [0x00000000c0000000, 0x00000000d1110000, 0x00000000d1110000)
  from space 34944K,   2% used [0x00000000d1110000, 0x00000000d11db718, 0x00000000d3330000)
  to   space 34944K,   0% used [0x00000000d3330000, 0x00000000d3330000, 0x00000000d5550000)
 tenured generation   total 699072K, used 333462K [0x00000000d5550000, 0x0000000100000000, 0x0000000100000000)
   the space 699072K,  47% used [0x00000000d5550000, 0x00000000e9af5a40, 0x00000000e9af5c00, 0x0000000100000000)
 Metaspace       used 56183K, capacity 62627K, committed 62720K, reserved 1101824K
  class space    used 7816K, capacity 9394K, committed 9472K, reserved 1048576K
Event: 644.980 GC heap after
Heap after GC invocations=264 (full 3):
 def new generation   total 314560K, used 1697K [0x00000000c0000000, 0x00000000d5550000, 0x00000000d5550000)
  eden space 279616K,   0% used [0x00000000c0000000, 0x00000000c0000000, 0x00000000d1110000)
  from space 34944K,   4% used [0x00000000d3330000, 0x00000000d34d85b8, 0x00000000d5550000)
  to   space 34944K,   0% used [0x00000000d1110000, 0x00000000d1110000, 0x00000000d3330000)
 tenured generation   total 699072K, used 333462K [0x00000000d5550000, 0x0000000100000000, 0x0000000100000000)
   the space 699072K,  47% used [0x00000000d5550000, 0x00000000e9af5a40, 0x00000000e9af5c00, 0x0000000100000000)
 Metaspace       used 56183K, capacity 62627K, committed 62720K, reserved 1101824K
  class space    used 7816K, capacity 9394K, committed 9472K, reserved 1048576K
}

