# JRE version: OpenJDK Runtime Environment (8.0_252-b09) (build 1.8.0_252-8u252-b09-1~18.04-b09)
# Java VM: OpenJDK 64-Bit Server VM (25.252-b09 mixed mode linux-amd64 compressed oops)
Heap:
 def new generation   total 314560K, used 80758K [0x00000000c0000000, 0x00000000d5550000, 0x00000000d5550000)
  eden space 279616K,  27% used [0x00000000c0000000, 0x00000000c4c1af18, 0x00000000d1110000)
  from space 34944K,   8% used [0x00000000d3330000, 0x00000000d35f2a80, 0x00000000d5550000)
  to   space 34944K,   0% used [0x00000000d1110000, 0x00000000d1110000, 0x00000000d3330000)
 tenured generation   total 699072K, used 327620K [0x00000000d5550000, 0x0000000100000000, 0x0000000100000000)
   the space 699072K,  46% used [0x00000000d5550000, 0x00000000e95410f0, 0x00000000e9541200, 0x0000000100000000)
 Metaspace       used 56740K, capacity 63233K, committed 63488K, reserved 1103872K
  class space    used 7834K, capacity 9403K, committed 9472K, reserved 1048576K
GC Heap History (10 events):
Event: 3163.712 GC heap before
{Heap before GC invocations=849 (full 3):
 def new generation   total 314560K, used 282901K [0x00000000c0000000, 0x00000000d5550000, 0x00000000d5550000)
  eden space 279616K, 100% used [0x00000000c0000000, 0x00000000d1110000, 0x00000000d1110000)
  from space 34944K,   9% used [0x00000000d1110000, 0x00000000d14456c8, 0x00000000d3330000)
  to   space 34944K,   0% used [0x00000000d3330000, 0x00000000d3330000, 0x00000000d5550000)
 tenured generation   total 699072K, used 327018K [0x00000000d5550000, 0x0000000100000000, 0x0000000100000000)
   the space 699072K,  46% used [0x00000000d5550000, 0x00000000e94aa910, 0x00000000e94aaa00, 0x0000000100000000)
 Metaspace       used 56740K, capacity 63233K, committed 63488K, reserved 1103872K
  class space    used 7834K, capacity 9403K, committed 9472K, reserved 1048576K
Event: 3163.719 GC heap after
Heap after GC invocations=850 (full 3):
 def new generation   total 314560K, used 3158K [0x00000000c0000000, 0x00000000d5550000, 0x00000000d5550000)
  eden space 279616K,   0% used [0x00000000c0000000, 0x00000000c0000000, 0x00000000d1110000)
  from space 34944K,   9% used [0x00000000d3330000, 0x00000000d3645928, 0x00000000d5550000)
  to   space 34944K,   0% used [0x00000000d1110000, 0x00000000d1110000, 0x00000000d3330000)
 tenured generation   total 699072K, used 327100K [0x00000000d5550000, 0x0000000100000000, 0x0000000100000000)
   the space 699072K,  46% used [0x00000000d5550000, 0x00000000e94bf1d8, 0x00000000e94bf200, 0x0000000100000000)
 Metaspace       used 56740K, capacity 63233K, committed 63488K, reserved 1103872K
  class space    used 7834K, capacity 9403K, committed 9472K, reserved 1048576K
}
Event: 3168.058 GC heap before
{Heap before GC invocations=850 (full 3):
 def new generation   total 314560K, used 282774K [0x00000000c0000000, 0x00000000d5550000, 0x00000000d5550000)
  eden space 279616K, 100% used [0x00000000c0000000, 0x00000000d1110000, 0x00000000d1110000)
  from space 34944K,   9% used [0x00000000d3330000, 0x00000000d3645928, 0x00000000d5550000)
  to   space 34944K,   0% used [0x00000000d1110000, 0x00000000d1110000, 0x00000000d3330000)
 tenured generation   total 699072K, used 327100K [0x00000000d5550000, 0x0000000100000000, 0x0000000100000000)
   the space 699072K,  46% used [0x00000000d5550000, 0x00000000e94bf1d8, 0x00000000e94bf200, 0x0000000100000000)
 Metaspace       used 56740K, capacity 63233K, committed 63488K, reserved 1103872K
  class space    used 7834K, capacity 9403K, committed 9472K, reserved 1048576K
Event: 3168.065 GC heap after
Heap after GC invocations=851 (full 3):
 def new generation   total 314560K, used 2940K [0x00000000c0000000, 0x00000000d5550000, 0x00000000d5550000)
  eden space 279616K,   0% used [0x00000000c0000000, 0x00000000c0000000, 0x00000000d1110000)
  from space 34944K,   8% used [0x00000000d1110000, 0x00000000d13ef2d8, 0x00000000d3330000)
  to   space 34944K,   0% used [0x00000000d3330000, 0x00000000d3330000, 0x00000000d5550000)
 tenured generation   total 699072K, used 327412K [0x00000000d5550000, 0x0000000100000000, 0x0000000100000000)
   the space 699072K,  46% used [0x00000000d5550000, 0x00000000e950d190, 0x00000000e950d200, 0x0000000100000000)
 Metaspace       used 56740K, capacity 63233K, committed 63488K, reserved 1103872K
  class space    used 7834K, capacity 9403K, committed 9472K, reserved 1048576K
}
Event: 3172.116 GC heap before
{Heap before GC invocations=851 (full 3):
 def new generation   total 314560K, used 282556K [0x00000000c0000000, 0x00000000d5550000, 0x00000000d5550000)
  eden space 279616K, 100% used [0x00000000c0000000, 0x00000000d1110000, 0x00000000d1110000)
  from space 34944K,   8% used [0x00000000d1110000, 0x00000000d13ef2d8, 0x00000000d3330000)
  to   space 34944K,   0% used [0x00000000d3330000, 0x00000000d3330000, 0x00000000d5550000)
 tenured generation   total 699072K, used 327412K [0x00000000d5550000, 0x0000000100000000, 0x0000000100000000)
   the space 699072K,  46% used [0x00000000d5550000, 0x00000000e950d190, 0x00000000e950d200, 0x0000000100000000)
 Metaspace       used 56740K, capacity 63233K, committed 63488K, reserved 1103872K
  class space    used 7834K, capacity 9403K, committed 9472K, reserved 1048576K
Event: 3172.125 GC heap after
Heap after GC invocations=852 (full 3):
 def new generation   total 314560K, used 2957K [0x00000000c0000000, 0x00000000d5550000, 0x00000000d5550000)
  eden space 279616K,   0% used [0x00000000c0000000, 0x00000000c0000000, 0x00000000d1110000)
  from space 34944K,   8% used [0x00000000d3330000, 0x00000000d36135f0, 0x00000000d5550000)
  to   space 34944K,   0% used [0x00000000d1110000, 0x00000000d1110000, 0x00000000d3330000)
 tenured generation   total 699072K, used 327475K [0x00000000d5550000, 0x0000000100000000, 0x0000000100000000)
   the space 699072K,  46% used [0x00000000d5550000, 0x00000000e951ce98, 0x00000000e951d000, 0x0000000100000000)
 Metaspace       used 56740K, capacity 63233K, committed 63488K, reserved 1103872K
  class space    used 7834K, capacity 9403K, committed 9472K, reserved 1048576K
}
Event: 3176.357 GC heap before
{Heap before GC invocations=852 (full 3):
 def new generation   total 314560K, used 282573K [0x00000000c0000000, 0x00000000d5550000, 0x00000000d5550000)
  eden space 279616K, 100% used [0x00000000c0000000, 0x00000000d1110000, 0x00000000d1110000)
  from space 34944K,   8% used [0x00000000d3330000, 0x00000000d36135f0, 0x00000000d5550000)
  to   space 34944K,   0% used [0x00000000d1110000, 0x00000000d1110000, 0x00000000d3330000)
 tenured generation   total 699072K, used 327475K [0x00000000d5550000, 0x0000000100000000, 0x0000000100000000)
   the space 699072K,  46% used [0x00000000d5550000, 0x00000000e951ce98, 0x00000000e951d000, 0x0000000100000000)
 Metaspace       used 56740K, capacity 63233K, committed 63488K, reserved 1103872K
  class space    used 7834K, capacity 9403K, committed 9472K, reserved 1048576K
Event: 3176.365 GC heap after
Heap after GC invocations=853 (full 3):
 def new generation   total 314560K, used 2846K [0x00000000c0000000, 0x00000000d5550000, 0x00000000d5550000)
  eden space 279616K,   0% used [0x00000000c0000000, 0x00000000c0000000, 0x00000000d1110000)
  from space 34944K,   8% used [0x00000000d1110000, 0x00000000d13d7a78, 0x00000000d3330000)
  to   space 34944K,   0% used [0x00000000d3330000, 0x00000000d3330000, 0x00000000d5550000)
 tenured generation   total 699072K, used 327599K [0x00000000d5550000, 0x0000000100000000, 0x0000000100000000)
   the space 699072K,  46% used [0x00000000d5550000, 0x00000000e953bf38, 0x00000000e953c000, 0x0000000100000000)
 Metaspace       used 56740K, capacity 63233K, committed 63488K, reserved 1103872K
  class space    used 7834K, capacity 9403K, committed 9472K, reserved 1048576K
}
Event: 3180.665 GC heap before
{Heap before GC invocations=853 (full 3):
 def new generation   total 314560K, used 282462K [0x00000000c0000000, 0x00000000d5550000, 0x00000000d5550000)
  eden space 279616K, 100% used [0x00000000c0000000, 0x00000000d1110000, 0x00000000d1110000)
  from space 34944K,   8% used [0x00000000d1110000, 0x00000000d13d7a78, 0x00000000d3330000)
  to   space 34944K,   0% used [0x00000000d3330000, 0x00000000d3330000, 0x00000000d5550000)
 tenured generation   total 699072K, used 327599K [0x00000000d5550000, 0x0000000100000000, 0x0000000100000000)
   the space 699072K,  46% used [0x00000000d5550000, 0x00000000e953bf38, 0x00000000e953c000, 0x0000000100000000)
 Metaspace       used 56740K, capacity 63233K, committed 63488K, reserved 1103872K
  class space    used 7834K, capacity 9403K, committed 9472K, reserved 1048576K
Event: 3180.675 GC heap after
Heap after GC invocations=854 (full 3):
 def new generation   total 314560K, used 2826K [0x00000000c0000000, 0x00000000d5550000, 0x00000000d5550000)
  eden space 279616K,   0% used [0x00000000c0000000, 0x00000000c0000000, 0x00000000d1110000)
  from space 34944K,   8% used [0x00000000d3330000, 0x00000000d35f2a80, 0x00000000d5550000)
  to   space 34944K,   0% used [0x00000000d1110000, 0x00000000d1110000, 0x00000000d3330000)
 tenured generation   total 699072K, used 327620K [0x00000000d5550000, 0x0000000100000000, 0x0000000100000000)
   the space 699072K,  46% used [0x00000000d5550000, 0x00000000e95410f0, 0x00000000e9541200, 0x0000000100000000)
 Metaspace       used 56740K, capacity 63233K, committed 63488K, reserved 1103872K
  class space    used 7834K, capacity 9403K, committed 9472K, reserved 1048576K
}

