# JRE version: OpenJDK Runtime Environment (8.0_252-b09) (build 1.8.0_252-8u252-b09-1~18.04-b09)
# Java VM: OpenJDK 64-Bit Server VM (25.252-b09 mixed mode linux-amd64 compressed oops)
Heap:
 def new generation   total 314560K, used 261937K [0x00000000c0000000, 0x00000000d5550000, 0x00000000d5550000)
  eden space 279616K,  88% used [0x00000000c0000000, 0x00000000cf1d7480, 0x00000000d1110000)
  from space 34944K,  40% used [0x00000000d3330000, 0x00000000d4125340, 0x00000000d5550000)
  to   space 34944K,   0% used [0x00000000d1110000, 0x00000000d1110000, 0x00000000d3330000)
 tenured generation   total 699072K, used 272554K [0x00000000d5550000, 0x0000000100000000, 0x0000000100000000)
   the space 699072K,  38% used [0x00000000d5550000, 0x00000000e5f7aa78, 0x00000000e5f7ac00, 0x0000000100000000)
 Metaspace       used 55798K, capacity 62093K, committed 62208K, reserved 1101824K
  class space    used 7783K, capacity 9357K, committed 9472K, reserved 1048576K
GC Heap History (10 events):
Event: 677.871 GC heap before
{Heap before GC invocations=209 (full 3):
 def new generation   total 314560K, used 290545K [0x00000000c0000000, 0x00000000d5550000, 0x00000000d5550000)
  eden space 279616K, 100% used [0x00000000c0000000, 0x00000000d1110000, 0x00000000d1110000)
  from space 34944K,  31% used [0x00000000d1110000, 0x00000000d1bbc4d0, 0x00000000d3330000)
  to   space 34944K,   0% used [0x00000000d3330000, 0x00000000d3330000, 0x00000000d5550000)
 tenured generation   total 699072K, used 265275K [0x00000000d5550000, 0x0000000100000000, 0x0000000100000000)
   the space 699072K,  37% used [0x00000000d5550000, 0x00000000e585ec20, 0x00000000e585ee00, 0x0000000100000000)
 Metaspace       used 55762K, capacity 62069K, committed 62208K, reserved 1101824K
  class space    used 7783K, capacity 9357K, committed 9472K, reserved 1048576K
Event: 677.885 GC heap after
Heap after GC invocations=210 (full 3):
 def new generation   total 314560K, used 12534K [0x00000000c0000000, 0x00000000d5550000, 0x00000000d5550000)
  eden space 279616K,   0% used [0x00000000c0000000, 0x00000000c0000000, 0x00000000d1110000)
  from space 34944K,  35% used [0x00000000d3330000, 0x00000000d3f6d810, 0x00000000d5550000)
  to   space 34944K,   0% used [0x00000000d1110000, 0x00000000d1110000, 0x00000000d3330000)
 tenured generation   total 699072K, used 265374K [0x00000000d5550000, 0x0000000100000000, 0x0000000100000000)
   the space 699072K,  37% used [0x00000000d5550000, 0x00000000e58778c0, 0x00000000e5877a00, 0x0000000100000000)
 Metaspace       used 55762K, capacity 62069K, committed 62208K, reserved 1101824K
  class space    used 7783K, capacity 9357K, committed 9472K, reserved 1048576K
}
Event: 680.265 GC heap before
{Heap before GC invocations=210 (full 3):
 def new generation   total 314560K, used 292150K [0x00000000c0000000, 0x00000000d5550000, 0x00000000d5550000)
  eden space 279616K, 100% used [0x00000000c0000000, 0x00000000d1110000, 0x00000000d1110000)
  from space 34944K,  35% used [0x00000000d3330000, 0x00000000d3f6d810, 0x00000000d5550000)
  to   space 34944K,   0% used [0x00000000d1110000, 0x00000000d1110000, 0x00000000d3330000)
 tenured generation   total 699072K, used 265374K [0x00000000d5550000, 0x0000000100000000, 0x0000000100000000)
   the space 699072K,  37% used [0x00000000d5550000, 0x00000000e58778c0, 0x00000000e5877a00, 0x0000000100000000)
 Metaspace       used 55777K, capacity 62085K, committed 62208K, reserved 1101824K
  class space    used 7783K, capacity 9357K, committed 9472K, reserved 1048576K
Event: 680.285 GC heap after
Heap after GC invocations=211 (full 3):
 def new generation   total 314560K, used 15070K [0x00000000c0000000, 0x00000000d5550000, 0x00000000d5550000)
  eden space 279616K,   0% used [0x00000000c0000000, 0x00000000c0000000, 0x00000000d1110000)
  from space 34944K,  43% used [0x00000000d1110000, 0x00000000d1fc7988, 0x00000000d3330000)
  to   space 34944K,   0% used [0x00000000d3330000, 0x00000000d3330000, 0x00000000d5550000)
 tenured generation   total 699072K, used 265503K [0x00000000d5550000, 0x0000000100000000, 0x0000000100000000)
   the space 699072K,  37% used [0x00000000d5550000, 0x00000000e5897f28, 0x00000000e5898000, 0x0000000100000000)
 Metaspace       used 55777K, capacity 62085K, committed 62208K, reserved 1101824K
  class space    used 7783K, capacity 9357K, committed 9472K, reserved 1048576K
}
Event: 682.287 GC heap before
{Heap before GC invocations=211 (full 3):
 def new generation   total 314560K, used 294686K [0x00000000c0000000, 0x00000000d5550000, 0x00000000d5550000)
  eden space 279616K, 100% used [0x00000000c0000000, 0x00000000d1110000, 0x00000000d1110000)
  from space 34944K,  43% used [0x00000000d1110000, 0x00000000d1fc7988, 0x00000000d3330000)
  to   space 34944K,   0% used [0x00000000d3330000, 0x00000000d3330000, 0x00000000d5550000)
 tenured generation   total 699072K, used 265503K [0x00000000d5550000, 0x0000000100000000, 0x0000000100000000)
   the space 699072K,  37% used [0x00000000d5550000, 0x00000000e5897f28, 0x00000000e5898000, 0x0000000100000000)
 Metaspace       used 55783K, capacity 62089K, committed 62208K, reserved 1101824K
  class space    used 7783K, capacity 9357K, committed 9472K, reserved 1048576K
Event: 682.305 GC heap after
Heap after GC invocations=212 (full 3):
 def new generation   total 314560K, used 17558K [0x00000000c0000000, 0x00000000d5550000, 0x00000000d5550000)
  eden space 279616K,   0% used [0x00000000c0000000, 0x00000000c0000000, 0x00000000d1110000)
  from space 34944K,  50% used [0x00000000d3330000, 0x00000000d4455850, 0x00000000d5550000)
  to   space 34944K,   0% used [0x00000000d1110000, 0x00000000d1110000, 0x00000000d3330000)
 tenured generation   total 699072K, used 265597K [0x00000000d5550000, 0x0000000100000000, 0x0000000100000000)
   the space 699072K,  37% used [0x00000000d5550000, 0x00000000e58af640, 0x00000000e58af800, 0x0000000100000000)
 Metaspace       used 55783K, capacity 62089K, committed 62208K, reserved 1101824K
  class space    used 7783K, capacity 9357K, committed 9472K, reserved 1048576K
}
Event: 684.407 GC heap before
{Heap before GC invocations=212 (full 3):
 def new generation   total 314560K, used 297174K [0x00000000c0000000, 0x00000000d5550000, 0x00000000d5550000)
  eden space 279616K, 100% used [0x00000000c0000000, 0x00000000d1110000, 0x00000000d1110000)
  from space 34944K,  50% used [0x00000000d3330000, 0x00000000d4455850, 0x00000000d5550000)
  to   space 34944K,   0% used [0x00000000d1110000, 0x00000000d1110000, 0x00000000d3330000)
 tenured generation   total 699072K, used 265597K [0x00000000d5550000, 0x0000000100000000, 0x0000000100000000)
   the space 699072K,  37% used [0x00000000d5550000, 0x00000000e58af640, 0x00000000e58af800, 0x0000000100000000)
 Metaspace       used 55786K, capacity 62089K, committed 62208K, reserved 1101824K
  class space    used 7783K, capacity 9357K, committed 9472K, reserved 1048576K
Event: 684.428 GC heap after
Heap after GC invocations=213 (full 3):
 def new generation   total 314560K, used 20195K [0x00000000c0000000, 0x00000000d5550000, 0x00000000d5550000)
  eden space 279616K,   0% used [0x00000000c0000000, 0x00000000c0000000, 0x00000000d1110000)
  from space 34944K,  57% used [0x00000000d1110000, 0x00000000d24c8df8, 0x00000000d3330000)
  to   space 34944K,   0% used [0x00000000d3330000, 0x00000000d3330000, 0x00000000d5550000)
 tenured generation   total 699072K, used 265734K [0x00000000d5550000, 0x0000000100000000, 0x0000000100000000)
   the space 699072K,  38% used [0x00000000d5550000, 0x00000000e58d1970, 0x00000000e58d1a00, 0x0000000100000000)
 Metaspace       used 55786K, capacity 62089K, committed 62208K, reserved 1101824K
  class space    used 7783K, capacity 9357K, committed 9472K, reserved 1048576K
}
Event: 686.483 GC heap before
{Heap before GC invocations=213 (full 3):
 def new generation   total 314560K, used 299811K [0x00000000c0000000, 0x00000000d5550000, 0x00000000d5550000)
  eden space 279616K, 100% used [0x00000000c0000000, 0x00000000d1110000, 0x00000000d1110000)
  from space 34944K,  57% used [0x00000000d1110000, 0x00000000d24c8df8, 0x00000000d3330000)
  to   space 34944K,   0% used [0x00000000d3330000, 0x00000000d3330000, 0x00000000d5550000)
 tenured generation   total 699072K, used 265734K [0x00000000d5550000, 0x0000000100000000, 0x0000000100000000)
   the space 699072K,  38% used [0x00000000d5550000, 0x00000000e58d1970, 0x00000000e58d1a00, 0x0000000100000000)
 Metaspace       used 55793K, capacity 62089K, committed 62208K, reserved 1101824K
  class space    used 7783K, capacity 9357K, committed 9472K, reserved 1048576K
Event: 686.509 GC heap after
Heap after GC invocations=214 (full 3):
 def new generation   total 314560K, used 14292K [0x00000000c0000000, 0x00000000d5550000, 0x00000000d5550000)
  eden space 279616K,   0% used [0x00000000c0000000, 0x00000000c0000000, 0x00000000d1110000)
  from space 34944K,  40% used [0x00000000d3330000, 0x00000000d4125340, 0x00000000d5550000)
  to   space 34944K,   0% used [0x00000000d1110000, 0x00000000d1110000, 0x00000000d3330000)
 tenured generation   total 699072K, used 272554K [0x00000000d5550000, 0x0000000100000000, 0x0000000100000000)
   the space 699072K,  38% used [0x00000000d5550000, 0x00000000e5f7aa78, 0x00000000e5f7ac00, 0x0000000100000000)
 Metaspace       used 55793K, capacity 62089K, committed 62208K, reserved 1101824K
  class space    used 7783K, capacity 9357K, committed 9472K, reserved 1048576K
}

