# JRE version: OpenJDK Runtime Environment (8.0_252-b09) (build 1.8.0_252-8u252-b09-1~18.04-b09)
# Java VM: OpenJDK 64-Bit Server VM (25.252-b09 mixed mode linux-amd64 compressed oops)
Heap:
 def new generation   total 314560K, used 242809K [0x00000000c0000000, 0x00000000d5550000, 0x00000000d5550000)
  eden space 279616K,  80% used [0x00000000c0000000, 0x00000000cdb2a0f0, 0x00000000d1110000)
  from space 34944K,  52% used [0x00000000d3330000, 0x00000000d4524638, 0x00000000d5550000)
  to   space 34944K,   0% used [0x00000000d1110000, 0x00000000d1110000, 0x00000000d3330000)
 tenured generation   total 699072K, used 302147K [0x00000000d5550000, 0x0000000100000000, 0x0000000100000000)
   the space 699072K,  43% used [0x00000000d5550000, 0x00000000e7c60f18, 0x00000000e7c61000, 0x0000000100000000)
 Metaspace       used 55855K, capacity 62181K, committed 62464K, reserved 1101824K
  class space    used 7791K, capacity 9361K, committed 9472K, reserved 1048576K
GC Heap History (10 events):
Event: 784.340 GC heap before
{Heap before GC invocations=245 (full 3):
 def new generation   total 314560K, used 296981K [0x00000000c0000000, 0x00000000d5550000, 0x00000000d5550000)
  eden space 279616K, 100% used [0x00000000c0000000, 0x00000000d1110000, 0x00000000d1110000)
  from space 34944K,  49% used [0x00000000d1110000, 0x00000000d22054e8, 0x00000000d3330000)
  to   space 34944K,   0% used [0x00000000d3330000, 0x00000000d3330000, 0x00000000d5550000)
 tenured generation   total 699072K, used 293202K [0x00000000d5550000, 0x0000000100000000, 0x0000000100000000)
   the space 699072K,  41% used [0x00000000d5550000, 0x00000000e73a4ac8, 0x00000000e73a4c00, 0x0000000100000000)
 Metaspace       used 55843K, capacity 62173K, committed 62464K, reserved 1101824K
  class space    used 7790K, capacity 9361K, committed 9472K, reserved 1048576K
Event: 784.357 GC heap after
Heap after GC invocations=246 (full 3):
 def new generation   total 314560K, used 18507K [0x00000000c0000000, 0x00000000d5550000, 0x00000000d5550000)
  eden space 279616K,   0% used [0x00000000c0000000, 0x00000000c0000000, 0x00000000d1110000)
  from space 34944K,  52% used [0x00000000d3330000, 0x00000000d4542dc0, 0x00000000d5550000)
  to   space 34944K,   0% used [0x00000000d1110000, 0x00000000d1110000, 0x00000000d3330000)
 tenured generation   total 699072K, used 293202K [0x00000000d5550000, 0x0000000100000000, 0x0000000100000000)
   the space 699072K,  41% used [0x00000000d5550000, 0x00000000e73a4ac8, 0x00000000e73a4c00, 0x0000000100000000)
 Metaspace       used 55843K, capacity 62173K, committed 62464K, reserved 1101824K
  class space    used 7790K, capacity 9361K, committed 9472K, reserved 1048576K
}
Event: 786.291 GC heap before
{Heap before GC invocations=246 (full 3):
 def new generation   total 314560K, used 298123K [0x00000000c0000000, 0x00000000d5550000, 0x00000000d5550000)
  eden space 279616K, 100% used [0x00000000c0000000, 0x00000000d1110000, 0x00000000d1110000)
  from space 34944K,  52% used [0x00000000d3330000, 0x00000000d4542dc0, 0x00000000d5550000)
  to   space 34944K,   0% used [0x00000000d1110000, 0x00000000d1110000, 0x00000000d3330000)
 tenured generation   total 699072K, used 293202K [0x00000000d5550000, 0x0000000100000000, 0x0000000100000000)
   the space 699072K,  41% used [0x00000000d5550000, 0x00000000e73a4ac8, 0x00000000e73a4c00, 0x0000000100000000)
 Metaspace       used 55846K, capacity 62177K, committed 62464K, reserved 1101824K
  class space    used 7790K, capacity 9361K, committed 9472K, reserved 1048576K
Event: 786.313 GC heap after
Heap after GC invocations=247 (full 3):
 def new generation   total 314560K, used 18544K [0x00000000c0000000, 0x00000000d5550000, 0x00000000d5550000)
  eden space 279616K,   0% used [0x00000000c0000000, 0x00000000c0000000, 0x00000000d1110000)
  from space 34944K,  53% used [0x00000000d1110000, 0x00000000d232c2c0, 0x00000000d3330000)
  to   space 34944K,   0% used [0x00000000d3330000, 0x00000000d3330000, 0x00000000d5550000)
 tenured generation   total 699072K, used 295829K [0x00000000d5550000, 0x0000000100000000, 0x0000000100000000)
   the space 699072K,  42% used [0x00000000d5550000, 0x00000000e7635408, 0x00000000e7635600, 0x0000000100000000)
 Metaspace       used 55846K, capacity 62177K, committed 62464K, reserved 1101824K
  class space    used 7790K, capacity 9361K, committed 9472K, reserved 1048576K
}
Event: 788.605 GC heap before
{Heap before GC invocations=247 (full 3):
 def new generation   total 314560K, used 298160K [0x00000000c0000000, 0x00000000d5550000, 0x00000000d5550000)
  eden space 279616K, 100% used [0x00000000c0000000, 0x00000000d1110000, 0x00000000d1110000)
  from space 34944K,  53% used [0x00000000d1110000, 0x00000000d232c2c0, 0x00000000d3330000)
  to   space 34944K,   0% used [0x00000000d3330000, 0x00000000d3330000, 0x00000000d5550000)
 tenured generation   total 699072K, used 295829K [0x00000000d5550000, 0x0000000100000000, 0x0000000100000000)
   the space 699072K,  42% used [0x00000000d5550000, 0x00000000e7635408, 0x00000000e7635600, 0x0000000100000000)
 Metaspace       used 55847K, capacity 62181K, committed 62464K, reserved 1101824K
  class space    used 7790K, capacity 9361K, committed 9472K, reserved 1048576K
Event: 788.626 GC heap after
Heap after GC invocations=248 (full 3):
 def new generation   total 314560K, used 19171K [0x00000000c0000000, 0x00000000d5550000, 0x00000000d5550000)
  eden space 279616K,   0% used [0x00000000c0000000, 0x00000000c0000000, 0x00000000d1110000)
  from space 34944K,  54% used [0x00000000d3330000, 0x00000000d45e8d58, 0x00000000d5550000)
  to   space 34944K,   0% used [0x00000000d1110000, 0x00000000d1110000, 0x00000000d3330000)
 tenured generation   total 699072K, used 297594K [0x00000000d5550000, 0x0000000100000000, 0x0000000100000000)
   the space 699072K,  42% used [0x00000000d5550000, 0x00000000e77eeba8, 0x00000000e77eec00, 0x0000000100000000)
 Metaspace       used 55847K, capacity 62181K, committed 62464K, reserved 1101824K
  class space    used 7790K, capacity 9361K, committed 9472K, reserved 1048576K
}
Event: 790.446 GC heap before
{Heap before GC invocations=248 (full 3):
 def new generation   total 314560K, used 298787K [0x00000000c0000000, 0x00000000d5550000, 0x00000000d5550000)
  eden space 279616K, 100% used [0x00000000c0000000, 0x00000000d1110000, 0x00000000d1110000)
  from space 34944K,  54% used [0x00000000d3330000, 0x00000000d45e8d58, 0x00000000d5550000)
  to   space 34944K,   0% used [0x00000000d1110000, 0x00000000d1110000, 0x00000000d3330000)
 tenured generation   total 699072K, used 297594K [0x00000000d5550000, 0x0000000100000000, 0x0000000100000000)
   the space 699072K,  42% used [0x00000000d5550000, 0x00000000e77eeba8, 0x00000000e77eec00, 0x0000000100000000)
 Metaspace       used 55848K, capacity 62181K, committed 62464K, reserved 1101824K
  class space    used 7791K, capacity 9361K, committed 9472K, reserved 1048576K
Event: 790.467 GC heap after
Heap after GC invocations=249 (full 3):
 def new generation   total 314560K, used 18096K [0x00000000c0000000, 0x00000000d5550000, 0x00000000d5550000)
  eden space 279616K,   0% used [0x00000000c0000000, 0x00000000c0000000, 0x00000000d1110000)
  from space 34944K,  51% used [0x00000000d1110000, 0x00000000d22bc130, 0x00000000d3330000)
  to   space 34944K,   0% used [0x00000000d3330000, 0x00000000d3330000, 0x00000000d5550000)
 tenured generation   total 699072K, used 300298K [0x00000000d5550000, 0x0000000100000000, 0x0000000100000000)
   the space 699072K,  42% used [0x00000000d5550000, 0x00000000e7a92b18, 0x00000000e7a92c00, 0x0000000100000000)
 Metaspace       used 55848K, capacity 62181K, committed 62464K, reserved 1101824K
  class space    used 7791K, capacity 9361K, committed 9472K, reserved 1048576K
}
Event: 792.793 GC heap before
{Heap before GC invocations=249 (full 3):
 def new generation   total 314560K, used 297712K [0x00000000c0000000, 0x00000000d5550000, 0x00000000d5550000)
  eden space 279616K, 100% used [0x00000000c0000000, 0x00000000d1110000, 0x00000000d1110000)
  from space 34944K,  51% used [0x00000000d1110000, 0x00000000d22bc130, 0x00000000d3330000)
  to   space 34944K,   0% used [0x00000000d3330000, 0x00000000d3330000, 0x00000000d5550000)
 tenured generation   total 699072K, used 300298K [0x00000000d5550000, 0x0000000100000000, 0x0000000100000000)
   the space 699072K,  42% used [0x00000000d5550000, 0x00000000e7a92b18, 0x00000000e7a92c00, 0x0000000100000000)
 Metaspace       used 55848K, capacity 62181K, committed 62464K, reserved 1101824K
  class space    used 7791K, capacity 9361K, committed 9472K, reserved 1048576K
Event: 792.834 GC heap after
Heap after GC invocations=250 (full 3):
 def new generation   total 314560K, used 18385K [0x00000000c0000000, 0x00000000d5550000, 0x00000000d5550000)
  eden space 279616K,   0% used [0x00000000c0000000, 0x00000000c0000000, 0x00000000d1110000)
  from space 34944K,  52% used [0x00000000d3330000, 0x00000000d4524638, 0x00000000d5550000)
  to   space 34944K,   0% used [0x00000000d1110000, 0x00000000d1110000, 0x00000000d3330000)
 tenured generation   total 699072K, used 302147K [0x00000000d5550000, 0x0000000100000000, 0x0000000100000000)
   the space 699072K,  43% used [0x00000000d5550000, 0x00000000e7c60f18, 0x00000000e7c61000, 0x0000000100000000)
 Metaspace       used 55848K, capacity 62181K, committed 62464K, reserved 1101824K
  class space    used 7791K, capacity 9361K, committed 9472K, reserved 1048576K
}

