# JRE version: OpenJDK Runtime Environment (8.0_252-b09) (build 1.8.0_252-8u252-b09-1~18.04-b09)
# Java VM: OpenJDK 64-Bit Server VM (25.252-b09 mixed mode linux-amd64 compressed oops)
Heap:
 def new generation   total 314560K, used 201431K [0x00000000c0000000, 0x00000000d5550000, 0x00000000d5550000)
  eden space 279616K,  71% used [0x00000000c0000000, 0x00000000cc29a738, 0x00000000d1110000)
  from space 34944K,   6% used [0x00000000d1110000, 0x00000000d132b870, 0x00000000d3330000)
  to   space 34944K,   0% used [0x00000000d3330000, 0x00000000d3330000, 0x00000000d5550000)
 tenured generation   total 699072K, used 279634K [0x00000000d5550000, 0x0000000100000000, 0x0000000100000000)
   the space 699072K,  40% used [0x00000000d5550000, 0x00000000e6664a10, 0x00000000e6664c00, 0x0000000100000000)
 Metaspace       used 55856K, capacity 62045K, committed 62128K, reserved 1101824K
  class space    used 7783K, capacity 9323K, committed 9392K, reserved 1048576K
GC Heap History (10 events):
Event: 44457.968 GC heap before
{Heap before GC invocations=336 (full 3):
 def new generation   total 314560K, used 284580K [0x00000000c0000000, 0x00000000d5550000, 0x00000000d5550000)
  eden space 279616K, 100% used [0x00000000c0000000, 0x00000000d1110000, 0x00000000d1110000)
  from space 34944K,  14% used [0x00000000d3330000, 0x00000000d3809238, 0x00000000d5550000)
  to   space 34944K,   0% used [0x00000000d1110000, 0x00000000d1110000, 0x00000000d3330000)
 tenured generation   total 699072K, used 275501K [0x00000000d5550000, 0x0000000100000000, 0x0000000100000000)
   the space 699072K,  39% used [0x00000000d5550000, 0x00000000e625b5c0, 0x00000000e625b600, 0x0000000100000000)
 Metaspace       used 55854K, capacity 62045K, committed 62128K, reserved 1101824K
  class space    used 7783K, capacity 9323K, committed 9392K, reserved 1048576K
Event: 44457.997 GC heap after
Heap after GC invocations=337 (full 3):
 def new generation   total 314560K, used 20757K [0x00000000c0000000, 0x00000000d5550000, 0x00000000d5550000)
  eden space 279616K,   0% used [0x00000000c0000000, 0x00000000c0000000, 0x00000000d1110000)
  from space 34944K,  59% used [0x00000000d1110000, 0x00000000d2555418, 0x00000000d3330000)
  to   space 34944K,   0% used [0x00000000d3330000, 0x00000000d3330000, 0x00000000d5550000)
 tenured generation   total 699072K, used 275823K [0x00000000d5550000, 0x0000000100000000, 0x0000000100000000)
   the space 699072K,  39% used [0x00000000d5550000, 0x00000000e62abc38, 0x00000000e62abe00, 0x0000000100000000)
 Metaspace       used 55854K, capacity 62045K, committed 62128K, reserved 1101824K
  class space    used 7783K, capacity 9323K, committed 9392K, reserved 1048576K
}
Event: 44617.752 GC heap before
{Heap before GC invocations=337 (full 3):
 def new generation   total 314560K, used 300373K [0x00000000c0000000, 0x00000000d5550000, 0x00000000d5550000)
  eden space 279616K, 100% used [0x00000000c0000000, 0x00000000d1110000, 0x00000000d1110000)
  from space 34944K,  59% used [0x00000000d1110000, 0x00000000d2555418, 0x00000000d3330000)
  to   space 34944K,   0% used [0x00000000d3330000, 0x00000000d3330000, 0x00000000d5550000)
 tenured generation   total 699072K, used 275823K [0x00000000d5550000, 0x0000000100000000, 0x0000000100000000)
   the space 699072K,  39% used [0x00000000d5550000, 0x00000000e62abc38, 0x00000000e62abe00, 0x0000000100000000)
 Metaspace       used 55856K, capacity 62045K, committed 62128K, reserved 1101824K
  class space    used 7783K, capacity 9323K, committed 9392K, reserved 1048576K
Event: 44617.768 GC heap after
Heap after GC invocations=338 (full 3):
 def new generation   total 314560K, used 1837K [0x00000000c0000000, 0x00000000d5550000, 0x00000000d5550000)
  eden space 279616K,   0% used [0x00000000c0000000, 0x00000000c0000000, 0x00000000d1110000)
  from space 34944K,   5% used [0x00000000d3330000, 0x00000000d34fb720, 0x00000000d5550000)
  to   space 34944K,   0% used [0x00000000d1110000, 0x00000000d1110000, 0x00000000d3330000)
 tenured generation   total 699072K, used 279634K [0x00000000d5550000, 0x0000000100000000, 0x0000000100000000)
   the space 699072K,  40% used [0x00000000d5550000, 0x00000000e6664a10, 0x00000000e6664c00, 0x0000000100000000)
 Metaspace       used 55856K, capacity 62045K, committed 62128K, reserved 1101824K
  class space    used 7783K, capacity 9323K, committed 9392K, reserved 1048576K
}
Event: 44624.007 GC heap before
{Heap before GC invocations=338 (full 3):
 def new generation   total 314560K, used 281453K [0x00000000c0000000, 0x00000000d5550000, 0x00000000d5550000)
  eden space 279616K, 100% used [0x00000000c0000000, 0x00000000d1110000, 0x00000000d1110000)
  from space 34944K,   5% used [0x00000000d3330000, 0x00000000d34fb720, 0x00000000d5550000)
  to   space 34944K,   0% used [0x00000000d1110000, 0x00000000d1110000, 0x00000000d3330000)
 tenured generation   total 699072K, used 279634K [0x00000000d5550000, 0x0000000100000000, 0x0000000100000000)
   the space 699072K,  40% used [0x00000000d5550000, 0x00000000e6664a10, 0x00000000e6664c00, 0x0000000100000000)
 Metaspace       used 55856K, capacity 62045K, committed 62128K, reserved 1101824K
  class space    used 7783K, capacity 9323K, committed 9392K, reserved 1048576K
Event: 44624.017 GC heap after
Heap after GC invocations=339 (full 3):
 def new generation   total 314560K, used 1893K [0x00000000c0000000, 0x00000000d5550000, 0x00000000d5550000)
  eden space 279616K,   0% used [0x00000000c0000000, 0x00000000c0000000, 0x00000000d1110000)
  from space 34944K,   5% used [0x00000000d1110000, 0x00000000d12e9428, 0x00000000d3330000)
  to   space 34944K,   0% used [0x00000000d3330000, 0x00000000d3330000, 0x00000000d5550000)
 tenured generation   total 699072K, used 279634K [0x00000000d5550000, 0x0000000100000000, 0x0000000100000000)
   the space 699072K,  40% used [0x00000000d5550000, 0x00000000e6664a10, 0x00000000e6664c00, 0x0000000100000000)
 Metaspace       used 55856K, capacity 62045K, committed 62128K, reserved 1101824K
  class space    used 7783K, capacity 9323K, committed 9392K, reserved 1048576K
}
Event: 44630.455 GC heap before
{Heap before GC invocations=339 (full 3):
 def new generation   total 314560K, used 281509K [0x00000000c0000000, 0x00000000d5550000, 0x00000000d5550000)
  eden space 279616K, 100% used [0x00000000c0000000, 0x00000000d1110000, 0x00000000d1110000)
  from space 34944K,   5% used [0x00000000d1110000, 0x00000000d12e9428, 0x00000000d3330000)
  to   space 34944K,   0% used [0x00000000d3330000, 0x00000000d3330000, 0x00000000d5550000)
 tenured generation   total 699072K, used 279634K [0x00000000d5550000, 0x0000000100000000, 0x0000000100000000)
   the space 699072K,  40% used [0x00000000d5550000, 0x00000000e6664a10, 0x00000000e6664c00, 0x0000000100000000)
 Metaspace       used 55856K, capacity 62045K, committed 62128K, reserved 1101824K
  class space    used 7783K, capacity 9323K, committed 9392K, reserved 1048576K
Event: 44630.466 GC heap after
Heap after GC invocations=340 (full 3):
 def new generation   total 314560K, used 2019K [0x00000000c0000000, 0x00000000d5550000, 0x00000000d5550000)
  eden space 279616K,   0% used [0x00000000c0000000, 0x00000000c0000000, 0x00000000d1110000)
  from space 34944K,   5% used [0x00000000d3330000, 0x00000000d3528d28, 0x00000000d5550000)
  to   space 34944K,   0% used [0x00000000d1110000, 0x00000000d1110000, 0x00000000d3330000)
 tenured generation   total 699072K, used 279634K [0x00000000d5550000, 0x0000000100000000, 0x0000000100000000)
   the space 699072K,  40% used [0x00000000d5550000, 0x00000000e6664a10, 0x00000000e6664c00, 0x0000000100000000)
 Metaspace       used 55856K, capacity 62045K, committed 62128K, reserved 1101824K
  class space    used 7783K, capacity 9323K, committed 9392K, reserved 1048576K
}
Event: 44636.953 GC heap before
{Heap before GC invocations=340 (full 3):
 def new generation   total 314560K, used 281635K [0x00000000c0000000, 0x00000000d5550000, 0x00000000d5550000)
  eden space 279616K, 100% used [0x00000000c0000000, 0x00000000d1110000, 0x00000000d1110000)
  from space 34944K,   5% used [0x00000000d3330000, 0x00000000d3528d28, 0x00000000d5550000)
  to   space 34944K,   0% used [0x00000000d1110000, 0x00000000d1110000, 0x00000000d3330000)
 tenured generation   total 699072K, used 279634K [0x00000000d5550000, 0x0000000100000000, 0x0000000100000000)
   the space 699072K,  40% used [0x00000000d5550000, 0x00000000e6664a10, 0x00000000e6664c00, 0x0000000100000000)
 Metaspace       used 55856K, capacity 62045K, committed 62128K, reserved 1101824K
  class space    used 7783K, capacity 9323K, committed 9392K, reserved 1048576K
Event: 44636.963 GC heap after
Heap after GC invocations=341 (full 3):
 def new generation   total 314560K, used 2158K [0x00000000c0000000, 0x00000000d5550000, 0x00000000d5550000)
  eden space 279616K,   0% used [0x00000000c0000000, 0x00000000c0000000, 0x00000000d1110000)
  from space 34944K,   6% used [0x00000000d1110000, 0x00000000d132b870, 0x00000000d3330000)
  to   space 34944K,   0% used [0x00000000d3330000, 0x00000000d3330000, 0x00000000d5550000)
 tenured generation   total 699072K, used 279634K [0x00000000d5550000, 0x0000000100000000, 0x0000000100000000)
   the space 699072K,  40% used [0x00000000d5550000, 0x00000000e6664a10, 0x00000000e6664c00, 0x0000000100000000)
 Metaspace       used 55856K, capacity 62045K, committed 62128K, reserved 1101824K
  class space    used 7783K, capacity 9323K, committed 9392K, reserved 1048576K
}

