# JRE version: OpenJDK Runtime Environment (8.0_252-b09) (build 1.8.0_252-8u252-b09-1~18.04-b09)
# Java VM: OpenJDK 64-Bit Server VM (25.252-b09 mixed mode linux-amd64 compressed oops)
Heap:
 def new generation   total 314560K, used 274489K [0x00000000c0000000, 0x00000000d5550000, 0x00000000d5550000)
  eden space 279616K,  97% used [0x00000000c0000000, 0x00000000d097e998, 0x00000000d1110000)
  from space 34944K,   7% used [0x00000000d3330000, 0x00000000d35bfcf0, 0x00000000d5550000)
  to   space 34944K,   0% used [0x00000000d1110000, 0x00000000d1110000, 0x00000000d3330000)
 tenured generation   total 699072K, used 344014K [0x00000000d5550000, 0x0000000100000000, 0x0000000100000000)
   the space 699072K,  49% used [0x00000000d5550000, 0x00000000ea543a00, 0x00000000ea543a00, 0x0000000100000000)
 Metaspace       used 56751K, capacity 63299K, committed 63488K, reserved 1103872K
  class space    used 7834K, capacity 9404K, committed 9472K, reserved 1048576K
GC Heap History (10 events):
Event: 3016.259 GC heap before
{Heap before GC invocations=797 (full 3):
 def new generation   total 314560K, used 291486K [0x00000000c0000000, 0x00000000d5550000, 0x00000000d5550000)
  eden space 279616K, 100% used [0x00000000c0000000, 0x00000000d1110000, 0x00000000d1110000)
  from space 34944K,  33% used [0x00000000d1110000, 0x00000000d1ca7a98, 0x00000000d3330000)
  to   space 34944K,   0% used [0x00000000d3330000, 0x00000000d3330000, 0x00000000d5550000)
 tenured generation   total 699072K, used 334371K [0x00000000d5550000, 0x0000000100000000, 0x0000000100000000)
   the space 699072K,  47% used [0x00000000d5550000, 0x00000000e9bd8f70, 0x00000000e9bd9000, 0x0000000100000000)
 Metaspace       used 56749K, capacity 63295K, committed 63488K, reserved 1103872K
  class space    used 7834K, capacity 9404K, committed 9472K, reserved 1048576K
Event: 3016.276 GC heap after
Heap after GC invocations=798 (full 3):
 def new generation   total 314560K, used 11871K [0x00000000c0000000, 0x00000000d5550000, 0x00000000d5550000)
  eden space 279616K,   0% used [0x00000000c0000000, 0x00000000c0000000, 0x00000000d1110000)
  from space 34944K,  33% used [0x00000000d3330000, 0x00000000d3ec7fc0, 0x00000000d5550000)
  to   space 34944K,   0% used [0x00000000d1110000, 0x00000000d1110000, 0x00000000d3330000)
 tenured generation   total 699072K, used 334418K [0x00000000d5550000, 0x0000000100000000, 0x0000000100000000)
   the space 699072K,  47% used [0x00000000d5550000, 0x00000000e9be4b50, 0x00000000e9be4c00, 0x0000000100000000)
 Metaspace       used 56749K, capacity 63295K, committed 63488K, reserved 1103872K
  class space    used 7834K, capacity 9404K, committed 9472K, reserved 1048576K
}
Event: 3020.611 GC heap before
{Heap before GC invocations=798 (full 3):
 def new generation   total 314560K, used 291487K [0x00000000c0000000, 0x00000000d5550000, 0x00000000d5550000)
  eden space 279616K, 100% used [0x00000000c0000000, 0x00000000d1110000, 0x00000000d1110000)
  from space 34944K,  33% used [0x00000000d3330000, 0x00000000d3ec7fc0, 0x00000000d5550000)
  to   space 34944K,   0% used [0x00000000d1110000, 0x00000000d1110000, 0x00000000d3330000)
 tenured generation   total 699072K, used 334418K [0x00000000d5550000, 0x0000000100000000, 0x0000000100000000)
   the space 699072K,  47% used [0x00000000d5550000, 0x00000000e9be4b50, 0x00000000e9be4c00, 0x0000000100000000)
 Metaspace       used 56749K, capacity 63295K, committed 63488K, reserved 1103872K
  class space    used 7834K, capacity 9404K, committed 9472K, reserved 1048576K
Event: 3020.624 GC heap after
Heap after GC invocations=799 (full 3):
 def new generation   total 314560K, used 11799K [0x00000000c0000000, 0x00000000d5550000, 0x00000000d5550000)
  eden space 279616K,   0% used [0x00000000c0000000, 0x00000000c0000000, 0x00000000d1110000)
  from space 34944K,  33% used [0x00000000d1110000, 0x00000000d1c95cb8, 0x00000000d3330000)
  to   space 34944K,   0% used [0x00000000d3330000, 0x00000000d3330000, 0x00000000d5550000)
 tenured generation   total 699072K, used 334482K [0x00000000d5550000, 0x0000000100000000, 0x0000000100000000)
   the space 699072K,  47% used [0x00000000d5550000, 0x00000000e9bf4820, 0x00000000e9bf4a00, 0x0000000100000000)
 Metaspace       used 56749K, capacity 63295K, committed 63488K, reserved 1103872K
  class space    used 7834K, capacity 9404K, committed 9472K, reserved 1048576K
}
Event: 3025.357 GC heap before
{Heap before GC invocations=799 (full 3):
 def new generation   total 314560K, used 291415K [0x00000000c0000000, 0x00000000d5550000, 0x00000000d5550000)
  eden space 279616K, 100% used [0x00000000c0000000, 0x00000000d1110000, 0x00000000d1110000)
  from space 34944K,  33% used [0x00000000d1110000, 0x00000000d1c95cb8, 0x00000000d3330000)
  to   space 34944K,   0% used [0x00000000d3330000, 0x00000000d3330000, 0x00000000d5550000)
 tenured generation   total 699072K, used 334482K [0x00000000d5550000, 0x0000000100000000, 0x0000000100000000)
   the space 699072K,  47% used [0x00000000d5550000, 0x00000000e9bf4820, 0x00000000e9bf4a00, 0x0000000100000000)
 Metaspace       used 56749K, capacity 63295K, committed 63488K, reserved 1103872K
  class space    used 7834K, capacity 9404K, committed 9472K, reserved 1048576K
Event: 3025.376 GC heap after
Heap after GC invocations=800 (full 3):
 def new generation   total 314560K, used 11960K [0x00000000c0000000, 0x00000000d5550000, 0x00000000d5550000)
  eden space 279616K,   0% used [0x00000000c0000000, 0x00000000c0000000, 0x00000000d1110000)
  from space 34944K,  34% used [0x00000000d3330000, 0x00000000d3ede1a0, 0x00000000d5550000)
  to   space 34944K,   0% used [0x00000000d1110000, 0x00000000d1110000, 0x00000000d3330000)
 tenured generation   total 699072K, used 334586K [0x00000000d5550000, 0x0000000100000000, 0x0000000100000000)
   the space 699072K,  47% used [0x00000000d5550000, 0x00000000e9c0e938, 0x00000000e9c0ea00, 0x0000000100000000)
 Metaspace       used 56749K, capacity 63295K, committed 63488K, reserved 1103872K
  class space    used 7834K, capacity 9404K, committed 9472K, reserved 1048576K
}
Event: 3029.740 GC heap before
{Heap before GC invocations=800 (full 3):
 def new generation   total 314560K, used 291576K [0x00000000c0000000, 0x00000000d5550000, 0x00000000d5550000)
  eden space 279616K, 100% used [0x00000000c0000000, 0x00000000d1110000, 0x00000000d1110000)
  from space 34944K,  34% used [0x00000000d3330000, 0x00000000d3ede1a0, 0x00000000d5550000)
  to   space 34944K,   0% used [0x00000000d1110000, 0x00000000d1110000, 0x00000000d3330000)
 tenured generation   total 699072K, used 334586K [0x00000000d5550000, 0x0000000100000000, 0x0000000100000000)
   the space 699072K,  47% used [0x00000000d5550000, 0x00000000e9c0e938, 0x00000000e9c0ea00, 0x0000000100000000)
 Metaspace       used 56749K, capacity 63295K, committed 63488K, reserved 1103872K
  class space    used 7834K, capacity 9404K, committed 9472K, reserved 1048576K
Event: 3029.757 GC heap after
Heap after GC invocations=801 (full 3):
 def new generation   total 314560K, used 12028K [0x00000000c0000000, 0x00000000d5550000, 0x00000000d5550000)
  eden space 279616K,   0% used [0x00000000c0000000, 0x00000000c0000000, 0x00000000d1110000)
  from space 34944K,  34% used [0x00000000d1110000, 0x00000000d1ccf2c0, 0x00000000d3330000)
  to   space 34944K,   0% used [0x00000000d3330000, 0x00000000d3330000, 0x00000000d5550000)
 tenured generation   total 699072K, used 334663K [0x00000000d5550000, 0x0000000100000000, 0x0000000100000000)
   the space 699072K,  47% used [0x00000000d5550000, 0x00000000e9c21fc8, 0x00000000e9c22000, 0x0000000100000000)
 Metaspace       used 56749K, capacity 63295K, committed 63488K, reserved 1103872K
  class space    used 7834K, capacity 9404K, committed 9472K, reserved 1048576K
}
Event: 3034.204 GC heap before
{Heap before GC invocations=801 (full 3):
 def new generation   total 314560K, used 291644K [0x00000000c0000000, 0x00000000d5550000, 0x00000000d5550000)
  eden space 279616K, 100% used [0x00000000c0000000, 0x00000000d1110000, 0x00000000d1110000)
  from space 34944K,  34% used [0x00000000d1110000, 0x00000000d1ccf2c0, 0x00000000d3330000)
  to   space 34944K,   0% used [0x00000000d3330000, 0x00000000d3330000, 0x00000000d5550000)
 tenured generation   total 699072K, used 334663K [0x00000000d5550000, 0x0000000100000000, 0x0000000100000000)
   the space 699072K,  47% used [0x00000000d5550000, 0x00000000e9c21fc8, 0x00000000e9c22000, 0x0000000100000000)
 Metaspace       used 56749K, capacity 63295K, committed 63488K, reserved 1103872K
  class space    used 7834K, capacity 9404K, committed 9472K, reserved 1048576K
Event: 3034.224 GC heap after
Heap after GC invocations=802 (full 3):
 def new generation   total 314560K, used 2623K [0x00000000c0000000, 0x00000000d5550000, 0x00000000d5550000)
  eden space 279616K,   0% used [0x00000000c0000000, 0x00000000c0000000, 0x00000000d1110000)
  from space 34944K,   7% used [0x00000000d3330000, 0x00000000d35bfcf0, 0x00000000d5550000)
  to   space 34944K,   0% used [0x00000000d1110000, 0x00000000d1110000, 0x00000000d3330000)
 tenured generation   total 699072K, used 344014K [0x00000000d5550000, 0x0000000100000000, 0x0000000100000000)
   the space 699072K,  49% used [0x00000000d5550000, 0x00000000ea543a00, 0x00000000ea543a00, 0x0000000100000000)
 Metaspace       used 56749K, capacity 63295K, committed 63488K, reserved 1103872K
  class space    used 7834K, capacity 9404K, committed 9472K, reserved 1048576K
}

